{
  "RSpec": {
    "coverage": {
      "/home/pavel/projects/tramway-dev/tramway-core/app/decorators/tramway/core/application_decorated_collection.rb": [
        null,
        null,
        1,
        1,
        7,
        7,
        null,
        null,
        1,
        null,
        1,
        1,
        1,
        1,
        null
      ],
      "/home/pavel/projects/tramway-dev/tramway-core/spec/decorators/tramway/core/application_decorator_spec.rb": [
        null,
        null,
        1,
        null,
        1,
        1,
        1,
        null,
        null,
        1,
        1,
        2,
        null,
        null,
        1,
        1,
        1,
        null,
        null,
        null,
        null,
        null,
        1,
        1,
        null,
        null,
        null,
        null,
        null,
        null,
        null,
        null,
        null,
        null,
        null,
        1,
        1,
        null,
        null,
        1,
        1,
        null,
        null,
        1,
        1,
        null,
        null,
        1,
        1,
        null,
        null,
        1,
        1,
        null,
        null,
        1,
        1,
        null,
        null,
        1,
        1,
        1,
        null,
        null,
        1,
        1,
        1,
        1,
        1,
        null,
        null,
        1,
        1,
        1,
        1,
        null,
        null,
        1,
        1,
        1,
        1,
        1,
        null,
        null,
        1,
        1,
        1,
        1,
        1,
        null,
        null,
        1,
        1,
        1,
        1,
        2,
        null,
        null,
        null,
        null,
        1,
        1,
        3,
        3,
        null,
        1,
        1,
        null,
        null,
        1,
        1,
        null,
        null,
        null,
        null,
        1,
        1,
        6,
        6,
        null,
        1,
        2,
        null,
        null,
        null,
        null,
        null,
        1,
        2,
        null,
        null,
        1,
        1,
        null,
        null,
        1,
        1,
        1,
        1,
        1,
        null,
        null,
        1,
        1,
        null,
        0,
        null,
        1,
        null,
        1,
        null,
        null,
        null,
        null,
        null,
        null,
        null,
        null,
        null,
        null,
        null,
        null
      ],
      "/home/pavel/projects/tramway-dev/tramway-core/app/decorators/tramway/core/application_decorator.rb": [
        null,
        null,
        1,
        null,
        1,
        1,
        1,
        1,
        null,
        1,
        167,
        null,
        null,
        1,
        1,
        null,
        null,
        1,
        1,
        1,
        null,
        null,
        1,
        1,
        1,
        null,
        null,
        1,
        1,
        null,
        null,
        1,
        1,
        null,
        null,
        1,
        1,
        null,
        null,
        1,
        23,
        2,
        20,
        null,
        2,
        null,
        21,
        null,
        null,
        null,
        1,
        2,
        2,
        null,
        2,
        2,
        2,
        0,
        0,
        null,
        2,
        0,
        null,
        2,
        1,
        1,
        null,
        1,
        null,
        1,
        1,
        1,
        10,
        null,
        null,
        0,
        0,
        null,
        null,
        null,
        2,
        1,
        null,
        null,
        null,
        1,
        2,
        null,
        null,
        1,
        1,
        null,
        null,
        null,
        1,
        1,
        null,
        1,
        1,
        0,
        null,
        1,
        null,
        null,
        null,
        null,
        1,
        null,
        null,
        null,
        1,
        null,
        1,
        1,
        null,
        null,
        1,
        4,
        3,
        null,
        null,
        null,
        1,
        null,
        1,
        null,
        1,
        1,
        7,
        0,
        null,
        null,
        null,
        null,
        0,
        null,
        7,
        7,
        1,
        6,
        2,
        4,
        0,
        4,
        1,
        null,
        3,
        null,
        null,
        null,
        null,
        1,
        0,
        null,
        null,
        1,
        null,
        1,
        null,
        1,
        null
      ],
      "/home/pavel/projects/tramway-dev/tramway-core/app/decorators/tramway/core/concerns/attributes_decorator_helper.rb": [
        null,
        null,
        1,
        1,
        0,
        null,
        null,
        1,
        2,
        null,
        null,
        1,
        1,
        null,
        null,
        1,
        0,
        0,
        0,
        0,
        0,
        0,
        0,
        null,
        0,
        null,
        0,
        0,
        0,
        0,
        null,
        0,
        null,
        0,
        null,
        0,
        null,
        0,
        0,
        null,
        0,
        null,
        null,
        null,
        null,
        1,
        1,
        null,
        null
      ],
      "/home/pavel/projects/tramway-dev/tramway-core/spec/forms/tramway/core/application_form_spec.rb": [
        null,
        null,
        1,
        null,
        1,
        1,
        1,
        null,
        null,
        1,
        1,
        1,
        1,
        null,
        null,
        1,
        null,
        null,
        null,
        null,
        null,
        null,
        null,
        1,
        1,
        1,
        1,
        2,
        null,
        null,
        null,
        1,
        1,
        1,
        1,
        1,
        1,
        null,
        null,
        null,
        1,
        1,
        1,
        1,
        1,
        1,
        1,
        1,
        1,
        null,
        null,
        null,
        1,
        1,
        1,
        1,
        1,
        1,
        1,
        1,
        null,
        null,
        null,
        1,
        1,
        1,
        1,
        1,
        1,
        1,
        null,
        null,
        null,
        1,
        1,
        1,
        1,
        1,
        1,
        null,
        null,
        null,
        null,
        null,
        1,
        1,
        1,
        1,
        1,
        1,
        1,
        null,
        null,
        null,
        1,
        1,
        1,
        1,
        1,
        1,
        1,
        1,
        null,
        null,
        null,
        1,
        1,
        1,
        1,
        1,
        null,
        null,
        1,
        1,
        1,
        1,
        2,
        null,
        null,
        null,
        null
      ],
      "/home/pavel/projects/tramway-dev/tramway-core/app/forms/tramway/core/application_form.rb": [
        null,
        null,
        1,
        1,
        1,
        7,
        7,
        7,
        7,
        7,
        null,
        7,
        2,
        0,
        0,
        0,
        0,
        null,
        0,
        null,
        null,
        null,
        2,
        0,
        null,
        null,
        null,
        null,
        7,
        null,
        null,
        null,
        1,
        1,
        0,
        null,
        0,
        null,
        null,
        0,
        null,
        0,
        0,
        null,
        null,
        0,
        0,
        0,
        0,
        0,
        null,
        null,
        0,
        null,
        null,
        null,
        null,
        null,
        1,
        1,
        null,
        null,
        null,
        1,
        0,
        null,
        null,
        1,
        1,
        null,
        null,
        1,
        0,
        null,
        null,
        1,
        1,
        null,
        0,
        0,
        0,
        0,
        0,
        null,
        0,
        null,
        null,
        null,
        1,
        null,
        1,
        7,
        7,
        14,
        0,
        null,
        null,
        null,
        null,
        1,
        1,
        null,
        1,
        4,
        4,
        4,
        null,
        null,
        1,
        4,
        4,
        null,
        null,
        null,
        1,
        9,
        18,
        10,
        null,
        null,
        18,
        10,
        0,
        null,
        10,
        10,
        null,
        null,
        18,
        null,
        null,
        null,
        1,
        2,
        null,
        null,
        1,
        1,
        null,
        null,
        1,
        0,
        null,
        null,
        1,
        3,
        2,
        null,
        1,
        null,
        1,
        1,
        1,
        1,
        null,
        null,
        null,
        null,
        1,
        0,
        null,
        null,
        1,
        0,
        null,
        null,
        1,
        0,
        0,
        0,
        null,
        0,
        null,
        null,
        null,
        null,
        null,
        null,
        null,
        null,
        null,
        null,
        null,
        null,
        null,
        null,
        null,
        null,
        null,
        null,
        null,
        null,
        null,
        null
      ],
      "/home/pavel/projects/tramway-dev/tramway-core/spec/helpers/tramway/core/title_helper_spec.rb": [
        null,
        null,
        1,
        null,
        1,
        1,
        1,
        null,
        null
      ],
      "/home/pavel/projects/tramway-dev/tramway-core/app/helpers/tramway/core/title_helper.rb": [
        null,
        null,
        1,
        1,
        1,
        1,
        0,
        0,
        0,
        null,
        0,
        0,
        null,
        null,
        null,
        1,
        0,
        null,
        null,
        1,
        0,
        0,
        null,
        0,
        null,
        null,
        null,
        null,
        null
      ],
      "/home/pavel/projects/tramway-dev/tramway-core/spec/test_env_spec.rb": [
        null,
        null,
        1,
        null,
        1,
        1,
        1,
        1,
        null,
        null,
        null
      ],
      "/home/pavel/projects/tramway-dev/tramway-core/spec/tramway/core_spec.rb": [
        null,
        null,
        1,
        null,
        1,
        1,
        1,
        null,
        null
      ],
      "/home/pavel/projects/tramway-dev/tramway-core/spec/factories/another2_association_models.rb": [
        null,
        null,
        1,
        1,
        1,
        1,
        1,
        null,
        null
      ],
      "/home/pavel/projects/tramway-dev/tramway-core/spec/factories/another_association_models.rb": [
        null,
        null,
        1,
        1,
        1,
        1,
        1,
        null,
        null
      ],
      "/home/pavel/projects/tramway-dev/tramway-core/spec/factories/association2_models.rb": [
        null,
        null,
        1,
        1,
        1,
        1,
        1,
        null,
        null
      ],
      "/home/pavel/projects/tramway-dev/tramway-core/spec/factories/association_models.rb": [
        null,
        null,
        1,
        1,
        1,
        1,
        1,
        null,
        null
      ],
      "/home/pavel/projects/tramway-dev/tramway-core/spec/factories/sequences.rb": [
        null,
        null,
        1,
        null,
        1,
        1,
        0,
        null,
        1,
        0,
        null,
        1,
        0,
        null,
        1,
        0,
        null,
        1,
        0,
        null,
        1,
        0,
        null,
        1,
        0,
        null,
        1,
        0,
        null,
        1,
        0,
        null,
        1,
        0,
        null,
        1,
        0,
        null,
        1,
        0,
        null,
        1,
        0,
        null,
        1,
        0,
        null,
        1,
        0,
        null,
        1,
        0,
        null,
        1,
        0,
        null,
        null
      ],
      "/home/pavel/projects/tramway-dev/tramway-core/spec/factories/test_models.rb": [
        null,
        null,
        1,
        1,
        1,
        1,
        null,
        null
      ],
      "/home/pavel/projects/tramway-dev/tramway-core/spec/dummy/app/models/test_model.rb": [
        null,
        null,
        1,
        1,
        1,
        null,
        1,
        null
      ],
      "/home/pavel/projects/tramway-dev/tramway-core/spec/dummy/app/models/application_record.rb": [
        null,
        null,
        1,
        1,
        null
      ],
      "/home/pavel/projects/tramway-dev/tramway-core/app/models/tramway/core/application_record.rb": [
        null,
        null,
        1,
        null,
        1,
        1,
        1,
        1,
        1,
        1,
        null,
        1,
        1,
        1,
        null,
        1,
        1,
        null,
        null,
        null,
        2,
        1,
        1,
        null,
        1,
        null,
        null,
        1,
        1,
        0,
        0,
        0,
        null,
        0,
        null,
        null,
        null,
        1,
        0,
        null,
        null,
        null,
        null,
        1,
        4,
        null,
        null,
        null,
        null
      ],
      "/home/pavel/projects/tramway-dev/tramway-core/spec/dummy/app/models/association_model.rb": [
        null,
        null,
        1,
        1,
        null
      ],
      "/home/pavel/projects/tramway-dev/tramway-core/spec/dummy/app/decorators/test_model_decorator.rb": [
        null,
        null,
        1,
        1,
        1,
        null
      ],
      "/home/pavel/projects/tramway-dev/tramway-core/spec/dummy/app/decorators/association_model_decorator.rb": [
        null,
        null,
        1,
        null
      ],
      "/home/pavel/projects/tramway-dev/tramway-core/spec/dummy/app/models/another_association_model.rb": [
        null,
        null,
        1,
        null
      ],
      "/home/pavel/projects/tramway-dev/tramway-core/app/uploaders/application_uploader.rb": [
        null,
        null,
        1,
        null,
        1,
        1,
        null,
        1,
        0,
        null,
        null
      ],
      "/home/pavel/projects/tramway-dev/tramway-core/spec/dummy/app/models/another2_association_model.rb": [
        null,
        null,
        1,
        1,
        null
      ]
    },
    "timestamp": 1580040049
  }
}
